<?xml version="1.0" encoding="UTF-8"?>
<testng-results skipped="0" failed="0" ignored="0" total="10" passed="10">
  <reporter-output>
  </reporter-output>
  <suite name="Google Suite" duration-ms="42618" started-at="2018-10-16T21:06:46Z" finished-at="2018-10-16T21:07:28Z">
    <groups>
      <group name="Google">
        <method signature="SampleTestSet.test_search_for_anything(java.lang.String)[pri:5, instance:com.apothuaud.selenium.samples.google.tests.SampleTestSet@49e4cb85]" name="test_search_for_anything" class="com.apothuaud.selenium.samples.google.tests.SampleTestSet"/>
      </group> <!-- Google -->
      <group name="Sample">
        <method signature="SampleTestSet.test_search_for_anything(java.lang.String)[pri:5, instance:com.apothuaud.selenium.samples.google.tests.SampleTestSet@49e4cb85]" name="test_search_for_anything" class="com.apothuaud.selenium.samples.google.tests.SampleTestSet"/>
      </group> <!-- Sample -->
    </groups>
    <test name="Search" duration-ms="42618" started-at="2018-10-16T21:06:46Z" finished-at="2018-10-16T21:07:28Z">
      <class name="com.apothuaud.selenium.samples.google.tests.SampleTestSet">
        <test-method status="PASS" signature="test_search_for_anything(java.lang.String)[pri:5, instance:com.apothuaud.selenium.samples.google.tests.SampleTestSet@49e4cb85]" name="test_search_for_anything" duration-ms="6069" started-at="2018-10-16T21:06:46Z" description="Sample Test for Google Page" data-provider="getGoogleQueries" finished-at="2018-10-16T21:06:52Z">
          <params>
            <param index="0">
              <value>
                <![CDATA[Adrian Pothuaud]]>
              </value>
            </param>
          </params>
          <reporter-output>
          </reporter-output>
        </test-method> <!-- test_search_for_anything -->
        <test-method status="PASS" signature="test_search_for_anything(java.lang.String)[pri:5, instance:com.apothuaud.selenium.samples.google.tests.SampleTestSet@49e4cb85]" name="test_search_for_anything" duration-ms="4509" started-at="2018-10-16T21:06:52Z" description="Sample Test for Google Page" data-provider="getGoogleQueries" finished-at="2018-10-16T21:06:56Z">
          <params>
            <param index="0">
              <value>
                <![CDATA[Selenium]]>
              </value>
            </param>
          </params>
          <reporter-output>
          </reporter-output>
        </test-method> <!-- test_search_for_anything -->
        <test-method status="PASS" signature="test_search_for_anything(java.lang.String)[pri:5, instance:com.apothuaud.selenium.samples.google.tests.SampleTestSet@49e4cb85]" name="test_search_for_anything" duration-ms="3396" started-at="2018-10-16T21:06:56Z" description="Sample Test for Google Page" data-provider="getGoogleQueries" finished-at="2018-10-16T21:07:00Z">
          <params>
            <param index="0">
              <value>
                <![CDATA[TestNG]]>
              </value>
            </param>
          </params>
          <reporter-output>
          </reporter-output>
        </test-method> <!-- test_search_for_anything -->
        <test-method status="PASS" signature="test_search_for_anything(java.lang.String)[pri:5, instance:com.apothuaud.selenium.samples.google.tests.SampleTestSet@49e4cb85]" name="test_search_for_anything" duration-ms="3767" started-at="2018-10-16T21:07:00Z" description="Sample Test for Google Page" data-provider="getGoogleQueries" finished-at="2018-10-16T21:07:03Z">
          <params>
            <param index="0">
              <value>
                <![CDATA[Open Source]]>
              </value>
            </param>
          </params>
          <reporter-output>
          </reporter-output>
        </test-method> <!-- test_search_for_anything -->
        <test-method status="PASS" signature="test_search_for_anything(java.lang.String)[pri:5, instance:com.apothuaud.selenium.samples.google.tests.SampleTestSet@49e4cb85]" name="test_search_for_anything" duration-ms="4115" started-at="2018-10-16T21:07:03Z" description="Sample Test for Google Page" data-provider="getGoogleQueries" finished-at="2018-10-16T21:07:08Z">
          <params>
            <param index="0">
              <value>
                <![CDATA[Wikipédia]]>
              </value>
            </param>
          </params>
          <reporter-output>
          </reporter-output>
        </test-method> <!-- test_search_for_anything -->
        <test-method status="PASS" signature="test_search_for_anything(java.lang.String)[pri:5, instance:com.apothuaud.selenium.samples.google.tests.SampleTestSet@49e4cb85]" name="test_search_for_anything" duration-ms="3622" started-at="2018-10-16T21:07:08Z" description="Sample Test for Google Page" data-provider="getGoogleQueries" finished-at="2018-10-16T21:07:11Z">
          <params>
            <param index="0">
              <value>
                <![CDATA[Amazon]]>
              </value>
            </param>
          </params>
          <reporter-output>
          </reporter-output>
        </test-method> <!-- test_search_for_anything -->
        <test-method status="PASS" signature="test_search_for_anything(java.lang.String)[pri:5, instance:com.apothuaud.selenium.samples.google.tests.SampleTestSet@49e4cb85]" name="test_search_for_anything" duration-ms="4308" started-at="2018-10-16T21:07:11Z" description="Sample Test for Google Page" data-provider="getGoogleQueries" finished-at="2018-10-16T21:07:16Z">
          <params>
            <param index="0">
              <value>
                <![CDATA[Google]]>
              </value>
            </param>
          </params>
          <reporter-output>
          </reporter-output>
        </test-method> <!-- test_search_for_anything -->
        <test-method status="PASS" signature="test_search_for_anything(java.lang.String)[pri:5, instance:com.apothuaud.selenium.samples.google.tests.SampleTestSet@49e4cb85]" name="test_search_for_anything" duration-ms="4395" started-at="2018-10-16T21:07:16Z" description="Sample Test for Google Page" data-provider="getGoogleQueries" finished-at="2018-10-16T21:07:20Z">
          <params>
            <param index="0">
              <value>
                <![CDATA[Gmail]]>
              </value>
            </param>
          </params>
          <reporter-output>
          </reporter-output>
        </test-method> <!-- test_search_for_anything -->
        <test-method status="PASS" signature="test_search_for_anything(java.lang.String)[pri:5, instance:com.apothuaud.selenium.samples.google.tests.SampleTestSet@49e4cb85]" name="test_search_for_anything" duration-ms="3583" started-at="2018-10-16T21:07:20Z" description="Sample Test for Google Page" data-provider="getGoogleQueries" finished-at="2018-10-16T21:07:23Z">
          <params>
            <param index="0">
              <value>
                <![CDATA[Leboncoin]]>
              </value>
            </param>
          </params>
          <reporter-output>
          </reporter-output>
        </test-method> <!-- test_search_for_anything -->
        <test-method status="PASS" signature="test_search_for_anything(java.lang.String)[pri:5, instance:com.apothuaud.selenium.samples.google.tests.SampleTestSet@49e4cb85]" name="test_search_for_anything" duration-ms="4758" started-at="2018-10-16T21:07:23Z" description="Sample Test for Google Page" data-provider="getGoogleQueries" finished-at="2018-10-16T21:07:28Z">
          <params>
            <param index="0">
              <value>
                <![CDATA[Facebook]]>
              </value>
            </param>
          </params>
          <reporter-output>
          </reporter-output>
        </test-method> <!-- test_search_for_anything -->
      </class> <!-- com.apothuaud.selenium.samples.google.tests.SampleTestSet -->
    </test> <!-- Search -->
  </suite> <!-- Google Suite -->
</testng-results>
